

*******************************************************************************
Mon Jul 30 15:42:41 2018


FIT:    data read from "striedave.txt"
        format = z
        #datapoints = 7
        residuals are weighted equally (unit weight)

function used for fitting: f(x)
	f(x) = (10**(a*x + b))
fitted parameters initialized with current variable values

iter      chisq       delta/lim  lambda   a             b            
   0 1.0101010101e+22   0.00e+00  6.28e+11    1.000000e+00   1.000000e+00
  36 2.2316270799e-05  -1.11e-01  6.28e-07   -1.365819e-01   2.140861e-01

After 36 iterations the fit converged.
final sum of squares of residuals : 2.23163e-05
rel. change during last iteration : -1.10646e-06

degrees of freedom    (FIT_NDF)                        : 5
rms of residuals      (FIT_STDFIT) = sqrt(WSSR/ndf)    : 0.00211264
variance of residuals (reduced chisquare) = WSSR/ndf   : 4.46325e-06

Final set of parameters            Asymptotic Standard Error
=======================            ==========================
a               = -0.136582        +/- 0.001004     (0.7348%)
b               = 0.214086         +/- 0.005246     (2.45%)

correlation matrix of the fit parameters:
                a      b      
a               1.000 
b              -0.966  1.000 


*******************************************************************************
Wed Nov 14 06:49:26 2018


FIT:    data read from "striedave.txt"
        format = z
        #datapoints = 8
        residuals are weighted equally (unit weight)

function used for fitting: f(x)
	f(x) = (10**(a*x + b))
fitted parameters initialized with current variable values

iter      chisq       delta/lim  lambda   a             b            
   0 1.0101010101e+24   0.00e+00  6.47e+12    1.000000e+00   1.000000e+00
  36 2.2903235594e-05  -7.99e-10  6.47e+02   -1.366959e-01   2.146273e-01

After 36 iterations the fit converged.
final sum of squares of residuals : 2.29032e-05
rel. change during last iteration : -7.98835e-15

degrees of freedom    (FIT_NDF)                        : 6
rms of residuals      (FIT_STDFIT) = sqrt(WSSR/ndf)    : 0.00195377
variance of residuals (reduced chisquare) = WSSR/ndf   : 3.81721e-06

Final set of parameters            Asymptotic Standard Error
=======================            ==========================
a               = -0.136696        +/- 0.0008812    (0.6447%)
b               = 0.214627         +/- 0.00465      (2.167%)

correlation matrix of the fit parameters:
                a      b      
a               1.000 
b              -0.963  1.000 
