

*******************************************************************************
Fri Jul 27 13:21:47 2018


FIT:    data read from "zeroes.txt"
        format = z
        #datapoints = 14
        residuals are weighted equally (unit weight)

function used for fitting: f(x)
	f(x) = 10**(a*x) + b
fitted parameters initialized with current variable values

iter      chisq       delta/lim  lambda   a             b            
   0 1.0101010101e+32   0.00e+00  7.12e+16    1.000000e+00   1.000000e+00
 108 2.1880180102e-01  -9.51e-01  7.12e-01   -7.028009e-02  -4.844443e-02

After 108 iterations the fit converged.
final sum of squares of residuals : 0.218802
rel. change during last iteration : -9.51109e-06

degrees of freedom    (FIT_NDF)                        : 12
rms of residuals      (FIT_STDFIT) = sqrt(WSSR/ndf)    : 0.135031
variance of residuals (reduced chisquare) = WSSR/ndf   : 0.0182335

Final set of parameters            Asymptotic Standard Error
=======================            ==========================
a               = -0.0702801       +/- 0.04525      (64.39%)
b               = -0.0484444       +/- 0.1975       (407.6%)

correlation matrix of the fit parameters:
                a      b      
a               1.000 
b              -0.983  1.000 


*******************************************************************************
Fri Jul 27 13:22:23 2018


FIT:    data read from "zeroes.txt"
        format = z
        #datapoints = 14
        residuals are weighted equally (unit weight)

function used for fitting: f(x)
	f(x) = 10**(a*x) + b
fitted parameters initialized with current variable values

iter      chisq       delta/lim  lambda   a             b            
   0 1.0101010101e+32   0.00e+00  7.12e+16    1.000000e+00   1.000000e+00
 108 2.1880180102e-01  -9.51e-01  7.12e-01   -7.028009e-02  -4.844443e-02

After 108 iterations the fit converged.
final sum of squares of residuals : 0.218802
rel. change during last iteration : -9.51109e-06

degrees of freedom    (FIT_NDF)                        : 12
rms of residuals      (FIT_STDFIT) = sqrt(WSSR/ndf)    : 0.135031
variance of residuals (reduced chisquare) = WSSR/ndf   : 0.0182335

Final set of parameters            Asymptotic Standard Error
=======================            ==========================
a               = -0.0702801       +/- 0.04525      (64.39%)
b               = -0.0484444       +/- 0.1975       (407.6%)

correlation matrix of the fit parameters:
                a      b      
a               1.000 
b              -0.983  1.000 


*******************************************************************************
Fri Jul 27 13:24:11 2018


FIT:    data read from "zeroes.txt"
        format = z
        #datapoints = 13
        residuals are weighted equally (unit weight)

function used for fitting: f(x)
	f(x) = 10**(a*x) + b
fitted parameters initialized with current variable values

iter      chisq       delta/lim  lambda   a             b            
   0 1.0101010101e+32   0.00e+00  7.39e+16    1.000000e+00   1.000000e+00
  57 1.7308587663e-02  -2.57e-01  7.39e-16   -7.085155e-02  -7.876720e-02

After 57 iterations the fit converged.
final sum of squares of residuals : 0.0173086
rel. change during last iteration : -2.56704e-06

degrees of freedom    (FIT_NDF)                        : 11
rms of residuals      (FIT_STDFIT) = sqrt(WSSR/ndf)    : 0.0396675
variance of residuals (reduced chisquare) = WSSR/ndf   : 0.00157351

Final set of parameters            Asymptotic Standard Error
=======================            ==========================
a               = -0.0708515       +/- 0.01318      (18.61%)
b               = -0.0787672       +/- 0.05699      (72.35%)

correlation matrix of the fit parameters:
                a      b      
a               1.000 
b              -0.981  1.000 


*******************************************************************************
Fri Jul 27 13:25:59 2018


FIT:    data read from "zeroes.txt"
        format = z
        #datapoints = 13
        residuals are weighted equally (unit weight)

function used for fitting: f(x)
	f(x) = b*(10**(a*x))
fitted parameters initialized with current variable values

iter      chisq       delta/lim  lambda   a             b            
   0 1.0101010101e+32   0.00e+00  7.40e+16    1.000000e+00   1.000000e+00
  11 6.5143125847e-01   0.00e+00  7.40e+05    8.544917e-01   3.254622e-16

After 11 iterations the fit converged.
final sum of squares of residuals : 0.651431
rel. change during last iteration : 0

degrees of freedom    (FIT_NDF)                        : 11
rms of residuals      (FIT_STDFIT) = sqrt(WSSR/ndf)    : 0.243354
variance of residuals (reduced chisquare) = WSSR/ndf   : 0.059221

Final set of parameters            Asymptotic Standard Error
=======================            ==========================
a               = 0.854492         +/- 46.57        (5450%)
b               = 3.25462e-16      +/- 5.665e-13    (1.741e+05%)

correlation matrix of the fit parameters:
                a      b      
a               1.000 
b              -1.000  1.000 


*******************************************************************************
Fri Jul 27 13:27:05 2018


FIT:    data read from "zeroes.txt"
        format = z
        #datapoints = 13
        residuals are weighted equally (unit weight)

function used for fitting: f(x)
	f(x) = b*(2**(a*x))
fitted parameters initialized with current variable values

iter      chisq       delta/lim  lambda   a             b            
   0 5.7266177517e+09   0.00e+00  1.63e+05    1.000000e+00   1.000000e+00
  14 1.8217534117e-04  -1.10e-01  1.63e-06   -4.432405e-01   1.869305e+00

After 14 iterations the fit converged.
final sum of squares of residuals : 0.000182175
rel. change during last iteration : -1.10007e-06

degrees of freedom    (FIT_NDF)                        : 11
rms of residuals      (FIT_STDFIT) = sqrt(WSSR/ndf)    : 0.00406957
variance of residuals (reduced chisquare) = WSSR/ndf   : 1.65614e-05

Final set of parameters            Asymptotic Standard Error
=======================            ==========================
a               = -0.443241        +/- 0.004601     (1.038%)
b               = 1.8693           +/- 0.03223      (1.724%)

correlation matrix of the fit parameters:
                a      b      
a               1.000 
b              -0.956  1.000 


*******************************************************************************
Fri Jul 27 13:30:46 2018


FIT:    data read from "zeroes.txt"
        format = z
        #datapoints = 13
        residuals are weighted equally (unit weight)

function used for fitting: f(x)
	f(x) = b*(2**(a*x))
fitted parameters initialized with current variable values

iter      chisq       delta/lim  lambda   a             b            
   0 5.7266177517e+09   0.00e+00  1.63e+05    1.000000e+00   1.000000e+00
  14 1.8217534117e-04  -1.10e-01  1.63e-06   -4.432405e-01   1.869305e+00

After 14 iterations the fit converged.
final sum of squares of residuals : 0.000182175
rel. change during last iteration : -1.10007e-06

degrees of freedom    (FIT_NDF)                        : 11
rms of residuals      (FIT_STDFIT) = sqrt(WSSR/ndf)    : 0.00406957
variance of residuals (reduced chisquare) = WSSR/ndf   : 1.65614e-05

Final set of parameters            Asymptotic Standard Error
=======================            ==========================
a               = -0.443241        +/- 0.004601     (1.038%)
b               = 1.8693           +/- 0.03223      (1.724%)

correlation matrix of the fit parameters:
                a      b      
a               1.000 
b              -0.956  1.000 


*******************************************************************************
Fri Jul 27 13:31:53 2018


FIT:    data read from "zeroes.txt"
        format = z
        #datapoints = 13
        residuals are weighted equally (unit weight)

function used for fitting: f(x)
	f(x) = b*(2**(a*x)) + c
fitted parameters initialized with current variable values

iter      chisq       delta/lim  lambda   a             b             c            
   0 5.7268798727e+09   0.00e+00  1.33e+05    1.000000e+00   1.000000e+00   1.000000e+00
 846 6.3078334300e-02  -9.98e-01  1.33e-03    2.015164e-03  -2.739506e+01   2.793619e+01

After 846 iterations the fit converged.
final sum of squares of residuals : 0.0630783
rel. change during last iteration : -9.97607e-06

degrees of freedom    (FIT_NDF)                        : 10
rms of residuals      (FIT_STDFIT) = sqrt(WSSR/ndf)    : 0.0794219
variance of residuals (reduced chisquare) = WSSR/ndf   : 0.00630783

Final set of parameters            Asymptotic Standard Error
=======================            ==========================
a               = 0.00201516       +/- 0.1319       (6543%)
b               = -27.3951         +/- 1818         (6635%)
c               = 27.9362          +/- 1818         (6507%)

correlation matrix of the fit parameters:
                a      b      c      
a               1.000 
b               1.000  1.000 
c              -1.000 -1.000  1.000 


*******************************************************************************
Fri Jul 27 13:32:26 2018


FIT:    data read from "zeroes.txt"
        format = z
        #datapoints = 13
        residuals are weighted equally (unit weight)

function used for fitting: f(x)
	f(x) = b*(2**(a*x))
fitted parameters initialized with current variable values

iter      chisq       delta/lim  lambda   a             b            
   0 5.7266177517e+09   0.00e+00  1.63e+05    1.000000e+00   1.000000e+00
  14 1.8217534117e-04  -1.10e-01  1.63e-06   -4.432405e-01   1.869305e+00

After 14 iterations the fit converged.
final sum of squares of residuals : 0.000182175
rel. change during last iteration : -1.10007e-06

degrees of freedom    (FIT_NDF)                        : 11
rms of residuals      (FIT_STDFIT) = sqrt(WSSR/ndf)    : 0.00406957
variance of residuals (reduced chisquare) = WSSR/ndf   : 1.65614e-05

Final set of parameters            Asymptotic Standard Error
=======================            ==========================
a               = -0.443241        +/- 0.004601     (1.038%)
b               = 1.8693           +/- 0.03223      (1.724%)

correlation matrix of the fit parameters:
                a      b      
a               1.000 
b              -0.956  1.000 


*******************************************************************************
Fri Jul 27 13:33:43 2018


FIT:    data read from "zeroes.txt"
        format = z
        #datapoints = 13
        residuals are weighted equally (unit weight)

function used for fitting: f(x)
	f(x) = b*(c**(a*x))
fitted parameters initialized with current variable values

iter      chisq       delta/lim  lambda   a             b             c            
   0 9.6111470597e+00   0.00e+00  6.23e+00    1.000000e+00   1.000000e+00   1.000000e+00
   8 1.8217542871e-04  -1.54e-01  6.23e-03    8.559811e-01   1.869358e+00   6.984260e-01

After 8 iterations the fit converged.
final sum of squares of residuals : 0.000182175
rel. change during last iteration : -1.54363e-06

degrees of freedom    (FIT_NDF)                        : 10
rms of residuals      (FIT_STDFIT) = sqrt(WSSR/ndf)    : 0.0042682
variance of residuals (reduced chisquare) = WSSR/ndf   : 1.82175e-05

Final set of parameters            Asymptotic Standard Error
=======================            ==========================
a               = 0.855981         +/- 5.634        (658.1%)
b               = 1.86936          +/- 0.0949       (5.077%)
c               = 0.698426         +/- 1.638        (234.5%)

correlation matrix of the fit parameters:
                a      b      c      
a               1.000 
b               0.935  1.000 
c               1.000  0.934  1.000 


*******************************************************************************
Fri Jul 27 13:34:19 2018


FIT:    data read from "zeroes.txt"
        format = z
        #datapoints = 13
        residuals are weighted equally (unit weight)

function used for fitting: f(x)
	f(x) = b*(10**(a*x))
fitted parameters initialized with current variable values

iter      chisq       delta/lim  lambda   a             b            
   0 1.0101010101e+32   0.00e+00  7.40e+16    1.000000e+00   1.000000e+00
  11 6.5143125847e-01   0.00e+00  7.40e+05    8.544917e-01   3.254622e-16

After 11 iterations the fit converged.
final sum of squares of residuals : 0.651431
rel. change during last iteration : 0

degrees of freedom    (FIT_NDF)                        : 11
rms of residuals      (FIT_STDFIT) = sqrt(WSSR/ndf)    : 0.243354
variance of residuals (reduced chisquare) = WSSR/ndf   : 0.059221

Final set of parameters            Asymptotic Standard Error
=======================            ==========================
a               = 0.854492         +/- 46.57        (5450%)
b               = 3.25462e-16      +/- 5.665e-13    (1.741e+05%)

correlation matrix of the fit parameters:
                a      b      
a               1.000 
b              -1.000  1.000 


*******************************************************************************
Fri Jul 27 13:34:29 2018


FIT:    data read from "zeroes.txt"
        format = z
        #datapoints = 13
        residuals are weighted equally (unit weight)

function used for fitting: f(x)
	f(x) = b*(2**(a*x))
fitted parameters initialized with current variable values

iter      chisq       delta/lim  lambda   a             b            
   0 5.7266177517e+09   0.00e+00  1.63e+05    1.000000e+00   1.000000e+00
  14 1.8217534117e-04  -1.10e-01  1.63e-06   -4.432405e-01   1.869305e+00

After 14 iterations the fit converged.
final sum of squares of residuals : 0.000182175
rel. change during last iteration : -1.10007e-06

degrees of freedom    (FIT_NDF)                        : 11
rms of residuals      (FIT_STDFIT) = sqrt(WSSR/ndf)    : 0.00406957
variance of residuals (reduced chisquare) = WSSR/ndf   : 1.65614e-05

Final set of parameters            Asymptotic Standard Error
=======================            ==========================
a               = -0.443241        +/- 0.004601     (1.038%)
b               = 1.8693           +/- 0.03223      (1.724%)

correlation matrix of the fit parameters:
                a      b      
a               1.000 
b              -0.956  1.000 


*******************************************************************************
Fri Jul 27 13:38:10 2018


FIT:    data read from "zeroes.txt"
        format = z
        #datapoints = 13
        residuals are weighted equally (unit weight)

function used for fitting: f(x)
	f(x) = (2**(a*x + b))
fitted parameters initialized with current variable values

iter      chisq       delta/lim  lambda   a             b            
   0 2.2906481455e+10   0.00e+00  3.25e+05    1.000000e+00   1.000000e+00
  19 1.8217533701e-04  -8.96e-03  3.25e-08   -4.432411e-01   9.025046e-01

After 19 iterations the fit converged.
final sum of squares of residuals : 0.000182175
rel. change during last iteration : -8.96087e-08

degrees of freedom    (FIT_NDF)                        : 11
rms of residuals      (FIT_STDFIT) = sqrt(WSSR/ndf)    : 0.00406957
variance of residuals (reduced chisquare) = WSSR/ndf   : 1.65614e-05

Final set of parameters            Asymptotic Standard Error
=======================            ==========================
a               = -0.443241        +/- 0.004601     (1.038%)
b               = 0.902505         +/- 0.02487      (2.755%)

correlation matrix of the fit parameters:
                a      b      
a               1.000 
b              -0.956  1.000 


*******************************************************************************
Fri Jul 27 13:38:31 2018


FIT:    data read from "zeroes.txt"
        format = z
        #datapoints = 13
        residuals are weighted equally (unit weight)

function used for fitting: f(x)
	f(x) = (10**(a*x + b))
fitted parameters initialized with current variable values

iter      chisq       delta/lim  lambda   a             b            
   0 1.0101010101e+34   0.00e+00  7.41e+17    1.000000e+00   1.000000e+00
  62 1.8217533714e-04  -5.28e-03  7.41e-07   -1.334289e-01   2.716809e-01

After 62 iterations the fit converged.
final sum of squares of residuals : 0.000182175
rel. change during last iteration : -5.28328e-08

degrees of freedom    (FIT_NDF)                        : 11
rms of residuals      (FIT_STDFIT) = sqrt(WSSR/ndf)    : 0.00406957
variance of residuals (reduced chisquare) = WSSR/ndf   : 1.65614e-05

Final set of parameters            Asymptotic Standard Error
=======================            ==========================
a               = -0.133429        +/- 0.001385     (1.038%)
b               = 0.271681         +/- 0.007485     (2.755%)

correlation matrix of the fit parameters:
                a      b      
a               1.000 
b              -0.956  1.000 


*******************************************************************************
Fri Jul 27 13:42:10 2018


FIT:    data read from "zeroes.txt"
        format = z
        #datapoints = 13
        residuals are weighted equally (unit weight)

function used for fitting: f(x)
	f(x) = (10**(a*x + b))
fitted parameters initialized with current variable values

iter      chisq       delta/lim  lambda   a             b            
   0 1.0101010101e+34   0.00e+00  7.41e+17    1.000000e+00   1.000000e+00
  62 1.8217533714e-04  -5.28e-03  7.41e-07   -1.334289e-01   2.716809e-01

After 62 iterations the fit converged.
final sum of squares of residuals : 0.000182175
rel. change during last iteration : -5.28328e-08

degrees of freedom    (FIT_NDF)                        : 11
rms of residuals      (FIT_STDFIT) = sqrt(WSSR/ndf)    : 0.00406957
variance of residuals (reduced chisquare) = WSSR/ndf   : 1.65614e-05

Final set of parameters            Asymptotic Standard Error
=======================            ==========================
a               = -0.133429        +/- 0.001385     (1.038%)
b               = 0.271681         +/- 0.007485     (2.755%)

correlation matrix of the fit parameters:
                a      b      
a               1.000 
b              -0.956  1.000 


*******************************************************************************
Fri Jul 27 13:46:48 2018


FIT:    data read from "zeroes.txt"
        format = z
        #datapoints = 13
        residuals are weighted equally (unit weight)

function used for fitting: f(x)
	f(x) = (10**(a*x + b))
fitted parameters initialized with current variable values

iter      chisq       delta/lim  lambda   a             b            
   0 1.0101010101e+34   0.00e+00  7.41e+17    1.000000e+00   1.000000e+00
  62 1.8217533714e-04  -5.28e-03  7.41e-07   -1.334289e-01   2.716809e-01

After 62 iterations the fit converged.
final sum of squares of residuals : 0.000182175
rel. change during last iteration : -5.28328e-08

degrees of freedom    (FIT_NDF)                        : 11
rms of residuals      (FIT_STDFIT) = sqrt(WSSR/ndf)    : 0.00406957
variance of residuals (reduced chisquare) = WSSR/ndf   : 1.65614e-05

Final set of parameters            Asymptotic Standard Error
=======================            ==========================
a               = -0.133429        +/- 0.001385     (1.038%)
b               = 0.271681         +/- 0.007485     (2.755%)

correlation matrix of the fit parameters:
                a      b      
a               1.000 
b              -0.956  1.000 


*******************************************************************************
Wed Nov 14 07:38:13 2018


FIT:    data read from "zeroes.txt"
        format = z
        #datapoints = 11
        residuals are weighted equally (unit weight)

function used for fitting: f(x)
	f(x) = (10**(a*x + b))
fitted parameters initialized with current variable values

iter      chisq       delta/lim  lambda   a             b            
   0 1.0101010101e+30   0.00e+00  7.03e+15    1.000000e+00   1.000000e+00
  55 1.7907486317e-04  -1.54e-02  7.03e-07   -1.333190e-01   2.711401e-01

After 55 iterations the fit converged.
final sum of squares of residuals : 0.000179075
rel. change during last iteration : -1.54443e-07

degrees of freedom    (FIT_NDF)                        : 9
rms of residuals      (FIT_STDFIT) = sqrt(WSSR/ndf)    : 0.00446063
variance of residuals (reduced chisquare) = WSSR/ndf   : 1.98972e-05

Final set of parameters            Asymptotic Standard Error
=======================            ==========================
a               = -0.133319        +/- 0.001543     (1.158%)
b               = 0.27114          +/- 0.008319     (3.068%)

correlation matrix of the fit parameters:
                a      b      
a               1.000 
b              -0.957  1.000 
